

//*******************************【20181116】************************************
。链增加cpo 的tokenkeys 信息，可以获取到所有token信息。
。编写referee部分功能。
。交易结构增加timestamp信息。
。改变交易防重复提交的设计，不再保存所有已存在的交易hash表（记录量太大，每次检查
	区块的每笔交易是否已存在查询效率低）。增加交易的总账高度指针对比巧妙实现防重用交易。
//*******************************【20181109】************************************
。编写区块链的区块数据同步服务器端。
//*******************************【20181102】************************************
。设计区块链的通信框架。
。编写部分基本通信类。
//*******************************【20181014】************************************
。设计编写cache block 模式，未实现cache。
//*******************************【20181013】************************************
。修改发行token协议，将token审核放在链之外。
。区块的总跟踪去掉区块hash,仅使用heigth。
//*******************************【20181012】************************************
。增加链指针模式，更改区块结构去掉交易hash列表。区块设3个hash(区块，交易，token)
 用于临时数据不序列化。检验时一次性生成3类hash
 。编写验证区块和写入区块数据。
 。增加授权协议进入链。
//*******************************【20180930】************************************
.修改链设计支持发行token.
//*******************************【20180921】************************************
.改变utxo设计，取消输入，提高执行效率
//*******************************【20180920】************************************
1.改变交易的输入协议和块头协议设计
2。bstream增加任意结构转string模板
3。创世纪块的验证加入链设计编写
//*******************************【20180919】************************************
1.修改序列化string 时大小类型不同的BUG
2。DB增加最新块信息单独缓存
3。增加map<>序列化
4。HASH BLOCK
//*******************************【20180918】************************************
1.设计链的初始化模式
2。更改block数据结构，增加交易索引，方便快速查询避免查询时序列化解释所有数据。
//*******************************【20180917】************************************
1.blockchain数据结构设计和序列化
//*******************************【20180914】************************************
1.libchain简单规划
2.common组件
3。连接通信类包装
//*******************************【20180913】************************************
1.编写find_node /rsp_node协议 和find_node接口
2。查找邻居改为第一轮查找先找路径更短的
3。table增加speaker。
//*******************************【20180912】************************************
1。修改pong回复协议，判断是公网IP才更新自己（自己未更新过）。
2. 新节点加入table算法改变，不再单独用链表缓存待加入节点，通过在nodeinfo中增加
	new_node指针来临时记录。这样保证与可能的替换节点的关系更可靠，同时适应nid的
	变更导致table表的重构。用链表记录可能替换节点链表，对于ping超时处理更高效。
3。获取locoal ip方案改用gethostname()+getaddrinfo()的夸平台方案。
	取代原有的win版本gethostbyname() 和 linux版本的
	socket(AF_INET, SOCK_DGRAM）
	+ioctl(fd, SIOCGIFCONF/SIOCGIFFLAGS ）
	+IFF_LOOPBACK/IFF_UP。
4.新加简单json库。
//*******************************【--------】************************************
